<?xml version="1.0" encoding="UTF-8"?>
<testsuites name="jest tests" tests="1" failures="0" time="10.61">
  <testsuite name="Query.chats" errors="0" failures="0" skipped="0" timestamp="2020-08-05T13:04:27" time="8.499" tests="1">
    <testcase classname="Query.chats should fetch all chats" name="Query.chats should fetch all chats" time="0.056">
    </testcase>
  </testsuite>
</testsuites>